<?xml version="1.0" encoding="UTF-8"?>
<Site BuildName="Win32-mingw32-make"
	BuildStamp="20190504-0002-Experimental"
	Name="INSANECRYSTAL"
	Generator="ctest-3.14.3"
	CompilerName="B:/mingw-w64/x86_64-8.1.0-posix-seh-rt_v6-rev0/mingw64/bin/x86_64-w64-mingw32-g++.exe"
	CompilerVersion="8.1.0"
	OSName="Windows"
	Hostname="InsaneCrystal"
	OSRelease=" Professional"
	OSVersion=" (Build 17763)"
	OSPlatform="AMD64"
	Is64Bits="1"
	VendorString="GenuineIntel"
	VendorID="Intel Corporation"
	FamilyID="6"
	ModelID="5"
	ProcessorCacheSize="-1"
	NumberOfLogicalCPU="12"
	NumberOfPhysicalCPU="6"
	TotalVirtualMemory="32440"
	TotalPhysicalMemory="32440"
	LogicalProcessorsPerPhysical="2"
	ProcessorClockFrequency="3504"
	>
	<Testing>
		<StartDateTime>May 04 18:08 Hora est[NON-UTF-8-BYTE-0xE1]ndar de Argentina</StartDateTime>
		<StartTestTime>1557004080</StartTestTime>
		<TestList>
			<Test>./test/Tests</Test>
		</TestList>
		<Test Status="passed">
			<Name>Tests</Name>
			<Path>./test</Path>
			<FullName>./test/Tests</FullName>
			<FullCommandLine>B:\GPSTracker\gpstracker\gpstracker-cpp\build-vscode\test\Tests.exe</FullCommandLine>
			<Results>
				<NamedMeasurement type="numeric/double" name="Execution Time">
					<Value>0.0863752</Value>
				</NamedMeasurement>
				<NamedMeasurement type="numeric/double" name="Processors">
					<Value>1</Value>
				</NamedMeasurement>
				<NamedMeasurement type="text/string" name="Completion Status">
					<Value>Completed</Value>
				</NamedMeasurement>
				<NamedMeasurement type="text/string" name="Command Line">
					<Value>B:\GPSTracker\gpstracker\gpstracker-cpp\build-vscode\test\Tests.exe</Value>
				</NamedMeasurement>
				<Measurement>
					<Value encoding="base64" compression="gzip">eJyNU8FOwzAMvfcrcmSHRoDggsQB2DQhtDG147ROKHReFC2JS5IOPp9m3aZmtN18qVM/++XZTlJqLTQnigl9NSBrg4o8P2TjWTo3LN+AyXhh3T83zosi44hcggPrmq41eca99+lr0jyPFo9HW5JkT3hPPMbWjHe7A7GlqL40WsRHW5KxxC8mawDorTCoFegKDC4uixPwTY3bFU2dqYhG3yWTNlqQ5GNKdrYMIhQOgNre39oB5OqaKDu4jK4GE4eOyUHUnVO1+QW1MyglmAnmm7IIb9oCoBzcq16jUcwJ1OHFz+PP6mgpcamc0S9ThYS5H2yooxmhQ1Co/SY5GPs/E5YbPJnABQlnlTRr9Em4ba5iWg3QQILofN7J3gQxOkMrnNjCtLr8SjCu0TqREwXWMg7hQnVmHlX0EE2BswNRX9kGrrU5PUL7+tP1Ah0wE6/wR4cvvPtlE8M0DZkqObOnNB0Nvex9Jo3+ALlFeBQ=</Value>
				</Measurement>
			</Results>
		</Test>
		<EndDateTime>May 04 18:08 Hora est[NON-UTF-8-BYTE-0xE1]ndar de Argentina</EndDateTime>
		<EndTestTime>1557004080</EndTestTime>
		<ElapsedMinutes>0</ElapsedMinutes>
	</Testing>
</Site>
