Start testing: May 04 18:08 Hora estándar de Argentina
----------------------------------------------------------
1/1 Testing: Tests
1/1 Test: Tests
Command: "B:/GPSTracker/gpstracker/gpstracker-cpp/build-vscode/test/Tests.exe"
Directory: B:/GPSTracker/gpstracker/gpstracker-cpp/build-vscode/test
"Tests" start time: May 04 18:08 Hora estándar de Argentina
Output:
----------------------------------------------------------
Running main() from B:\GPSTracker\gpstracker\gpstracker-cpp\googletest\googletest\src\gtest_main.cc
[==========] Running 5 tests from 4 test suites.
[----------] Global test environment set-up.
[----------] 1 test from StringEquals
[ RUN      ] StringEquals.equals
[       OK ] StringEquals.equals (0 ms)
[----------] 1 test from StringEquals (0 ms total)

[----------] 1 test from GPSControllerMockup
[ RUN      ] GPSControllerMockup.getInformation
[       OK ] GPSControllerMockup.getInformation (0 ms)
[----------] 1 test from GPSControllerMockup (0 ms total)

[----------] 1 test from ExampleTests
[ RUN      ] ExampleTests.DemonstrateGTestMacros
[       OK ] ExampleTests.DemonstrateGTestMacros (0 ms)
[----------] 1 test from ExampleTests (0 ms total)

[----------] 2 tests from SquareRootTest
[ RUN      ] SquareRootTest.PositiveNos
diagnostic message[       OK ] SquareRootTest.PositiveNos (0 ms)
[ RUN      ] SquareRootTest.NegativeNos
[       OK ] SquareRootTest.NegativeNos (0 ms)
[----------] 2 tests from SquareRootTest (0 ms total)

[----------] Global test environment tear-down
[==========] 5 tests from 4 test suites ran. (0 ms total)
[  PASSED  ] 5 tests.
<end of output>
Test time =   0.09 sec
----------------------------------------------------------
Test Passed.
"Tests" end time: May 04 18:08 Hora estándar de Argentina
"Tests" time elapsed: 00:00:00
----------------------------------------------------------

End testing: May 04 18:08 Hora estándar de Argentina
