Start testing: May 03 20:46 Hora estándar de Argentina
----------------------------------------------------------
1/1 Testing: ExampleTests
1/1 Test: ExampleTests
Command: "B:/GPSTracker/gpstracker/gpstracker-cpp/build-vscode/test/ExampleTests.exe"
Directory: B:/GPSTracker/gpstracker/gpstracker-cpp/build-vscode/test
"ExampleTests" start time: May 03 20:46 Hora estándar de Argentina
Output:
----------------------------------------------------------
Running main() from B:\GPSTracker\gpstracker\gpstracker-cpp\googletest\googletest\src\gtest_main.cc
[==========] Running 3 tests from 2 test suites.
[----------] Global test environment set-up.
[----------] 1 test from ExampleTests
[ RUN      ] ExampleTests.DemonstrateGTestMacros
[       OK ] ExampleTests.DemonstrateGTestMacros (0 ms)
[----------] 1 test from ExampleTests (0 ms total)

[----------] 2 tests from SquareRootTest
[ RUN      ] SquareRootTest.PositiveNos
[       OK ] SquareRootTest.PositiveNos (0 ms)
[ RUN      ] SquareRootTest.NegativeNos
[       OK ] SquareRootTest.NegativeNos (0 ms)
[----------] 2 tests from SquareRootTest (0 ms total)

[----------] Global test environment tear-down
[==========] 3 tests from 2 test suites ran. (0 ms total)
[  PASSED  ] 3 tests.
<end of output>
Test time =   0.23 sec
----------------------------------------------------------
Test Passed.
"ExampleTests" end time: May 03 20:46 Hora estándar de Argentina
"ExampleTests" time elapsed: 00:00:00
----------------------------------------------------------

End testing: May 03 20:46 Hora estándar de Argentina
