<?xml version="1.0" encoding="UTF-8"?>
<Site BuildName="Win32-mingw32-make"
	BuildStamp="20190503-2342-Experimental"
	Name="INSANECRYSTAL"
	Generator="ctest-3.14.3"
	CompilerName="B:/mingw-w64/x86_64-8.1.0-posix-seh-rt_v6-rev0/mingw64/bin/x86_64-w64-mingw32-g++.exe"
	CompilerVersion="8.1.0"
	OSName="Windows"
	Hostname="InsaneCrystal"
	OSRelease=" Professional"
	OSVersion=" (Build 17763)"
	OSPlatform="AMD64"
	Is64Bits="1"
	VendorString="GenuineIntel"
	VendorID="Intel Corporation"
	FamilyID="6"
	ModelID="5"
	ProcessorCacheSize="-1"
	NumberOfLogicalCPU="12"
	NumberOfPhysicalCPU="6"
	TotalVirtualMemory="32440"
	TotalPhysicalMemory="32440"
	LogicalProcessorsPerPhysical="2"
	ProcessorClockFrequency="3504"
	>
	<Testing>
		<StartDateTime>May 03 20:46 Hora est[NON-UTF-8-BYTE-0xE1]ndar de Argentina</StartDateTime>
		<StartTestTime>1556927178</StartTestTime>
		<TestList>
			<Test>./test/ExampleTests</Test>
		</TestList>
		<Test Status="passed">
			<Name>ExampleTests</Name>
			<Path>./test</Path>
			<FullName>./test/ExampleTests</FullName>
			<FullCommandLine>B:\GPSTracker\gpstracker\gpstracker-cpp\build-vscode\test\ExampleTests.exe</FullCommandLine>
			<Results>
				<NamedMeasurement type="numeric/double" name="Execution Time">
					<Value>0.227782</Value>
				</NamedMeasurement>
				<NamedMeasurement type="numeric/double" name="Processors">
					<Value>1</Value>
				</NamedMeasurement>
				<NamedMeasurement type="text/string" name="Completion Status">
					<Value>Completed</Value>
				</NamedMeasurement>
				<NamedMeasurement type="text/string" name="Command Line">
					<Value>B:\GPSTracker\gpstracker\gpstracker-cpp\build-vscode\test\ExampleTests.exe</Value>
				</NamedMeasurement>
				<Measurement>
					<Value encoding="base64" compression="gzip">eJyNUsFOhDAQvfMVc1wOEF1vJh40u+FgRALrCYipdWwaaYttWf18KWzIdhXCXDrtvDczbzp5JyWXDAThchPCh1YCHm6rJCsOmtBP1BVrjf3jRrRtK6YUa9Ciseeu0bRiznt1OWNKg/JushryU8EbcBgzVtwOFzAd7884KKPJakga9UaaEYDyyLWSAmUPRht17QX4esQNSfc/RLQNHlyZoIT8JYXBai8S71Ao6XRZTNzLE6FaOcJoz4/rCLC5AmHCde2MYLDKkiYMfM72fDDFV0c05kpZx/NV+LE4U4ZbfsT0svl53NTzQtoUGVmT9gz37ygWZC1NY+73LRIdvatv6W/X/FaBJjL2K/Vysvui2O+c7BMzDn4Bv5X90Q==</Value>
				</Measurement>
			</Results>
		</Test>
		<EndDateTime>May 03 20:46 Hora est[NON-UTF-8-BYTE-0xE1]ndar de Argentina</EndDateTime>
		<EndTestTime>1556927178</EndTestTime>
		<ElapsedMinutes>0</ElapsedMinutes>
	</Testing>
</Site>
