<?xml version="1.0" encoding="UTF-8"?>
<Site BuildName="Win32-mingw32-make"
	BuildStamp="20190501-2307-Experimental"
	Name="INSANECRYSTAL"
	Generator="ctest-3.14.3"
	CompilerName="B:/mingw-w64/x86_64-8.1.0-posix-seh-rt_v6-rev0/mingw64/bin/x86_64-w64-mingw32-g++.exe"
	CompilerVersion="8.1.0"
	OSName="Windows"
	Hostname="InsaneCrystal"
	OSRelease=" Professional"
	OSVersion=" (Build 17763)"
	OSPlatform="AMD64"
	Is64Bits="1"
	VendorString="GenuineIntel"
	VendorID="Intel Corporation"
	FamilyID="6"
	ModelID="5"
	ProcessorCacheSize="-1"
	NumberOfLogicalCPU="12"
	NumberOfPhysicalCPU="6"
	TotalVirtualMemory="32440"
	TotalPhysicalMemory="32440"
	LogicalProcessorsPerPhysical="2"
	ProcessorClockFrequency="3504"
	>
	<Testing>
		<StartDateTime>May 01 20:19 Hora est[NON-UTF-8-BYTE-0xE1]ndar de Argentina</StartDateTime>
		<StartTestTime>1556752756</StartTestTime>
		<TestList/>
		<EndDateTime>May 01 20:19 Hora est[NON-UTF-8-BYTE-0xE1]ndar de Argentina</EndDateTime>
		<EndTestTime>1556752756</EndTestTime>
		<ElapsedMinutes>0</ElapsedMinutes>
	</Testing>
</Site>
